android/app/build/outputs/mapping/release/seeds.txt
com.example.receipt_scanner.MainActivity
com.example.receipt_scanner.MainActivity: MainActivity()
...
com.google.android.play.core.splitinstall.testing.zzh: com.google.android.play.core.splitinstall.SplitInstallRequest zza
com.google.android.libraries.vision.visionkit.pipeline.zbca: com.google.android.libraries.vision.visionkit.pipeline.zbd zbk
io.flutter.embedding.engine.FlutterEngineConnectionRegistry: java.util.Map serviceAwarePlugins
io.flutter.embedding.engine.dart.DartExecutor$DartEntrypoint: java.lang.String pathToBundle
com.google.android.play.core.assetpacks.AssetPackExtractionService: com.google.android.play.core.assetpacks.zzb zza
com.google.android.play.core.splitinstall.zzr: java.util.concurrent.atomic.AtomicReference zza
com.google.android.gms.internal.mlkit_vision_text_bundled_common.zbacb: com.google.android.gms.internal.mlkit_vision_text_bundled_common.zbacb zbb
com.google.android.gms.internal.mlkit_vision_text_bundled_common.zbrq: com.google.android.gms.internal.mlkit_vision_text_bundled_common.zbun zbu
com.google.android.gms.internal.mlkit_vision_text_bundled_common.zbafm: java.lang.String zbk
com.google.android.gms.internal.mlkit_vision_text_bundled_common.zbadm: boolean zbp
com.google.android.play.core.assetpacks.zzcd: com.google.android.play.core.internal.zzcs zzq
com.google.android.gms.internal.mlkit_vision_text_bundled_common.zblt: com.google.android.gms.internal.mlkit_vision_text_bundled_common.zbma zbs
io.flutter.plugin.platform.SingleViewPresentation$PresentationState: io.flutter.plugin.platform.SingleViewFakeWindowViewGroup fakeWindowViewGroup
com.google.android.gms.internal.mlkit_vision_text_bundled_common.zbcf: float zbh
io.flutter.plugins.urllauncher.Messages$WebViewOptions: java.lang.Boolean enableJavaScript
io.flutter.plugins.imagepicker.Messages$CacheRetrievalResult$Builder: java.util.List paths
io.flutter.plugins.imagepicker.ImagePickerCache: java.lang.String FLUTTER_IMAGE_PICKER_IMAGE_PATH_KEY
io.flutter.embedding.engine.systemchannels.LifecycleChannel$AppLifecycleState: io.flutter.embedding.engine.systemchannels.LifecycleChannel$AppLifecycleState HIDDEN
com.google.mlkit.vision.common.internal.zze: com.google.android.odml.image.MlImage zza
com.google.android.play.core.assetpacks.zzcy: com.google.android.play.core.assetpacks.zzde zza
androidx.core.content.FileProvider: java.lang.String TAG_EXTERNAL_FILES
io.flutter.Log: int VERBOSE
com.google.mlkit.common.sdkinternal.CloseGuard: com.google.mlkit.common.sdkinternal.Cleaner$Cleanable zzc
com.google.android.gms.internal.mlkit_vision_text_bundled_common.zbafw: int zbd
io.flutter.view.AccessibilityBridge$Action: int value
com.google.android.gms.internal.mlkit_vision_text_bundled_common.zbbe: boolean zbl
com.google.android.gms.internal.mlkit_vision_text_bundled_common.zblu: com.google.android.gms.internal.mlkit_vision_text_bundled_common.zbun zbi
io.flutter.embedding.android.FlutterFragment$NewEngineInGroupFragmentBuilder: boolean shouldAutomaticallyHandleOnBackPressed
com.google.android.gms.internal.mlkit_vision_text_bundled_common.zbre: com.google.android.gms.internal.mlkit_vision_text_bundled_common.zbpw zbl
com.google.android.gms.internal.mlkit_vision_text_bundled_common.zbix: java.lang.String zbf
kotlinx.coroutines.CancellableContinuationImpl: java.lang.Object _parentHandle
com.google.android.gms.internal.mlkit_vision_text_bundled_common.zbow: int zbd
io.flutter.embedding.engine.FlutterJNI: float displayDensity
io.flutter.Build$API_LEVELS: int API_30
io.flutter.embedding.engine.systemchannels.PlatformChannel$HapticFeedbackType: io.flutter.embedding.engine.systemchannels.PlatformChannel$HapticFeedbackType STANDARD
io.flutter.embedding.android.SurfaceHolderCallbackCompat$1: io.flutter.embedding.android.SurfaceHolderCallbackCompat this$0
io.flutter.plugin.editing.TextEditingDelta: int newComposingEnd
io.flutter.embedding.engine.loader.FlutterLoader: io.flutter.embedding.engine.loader.FlutterLoader instance
com.google.crypto.tink.proto.AesCmacKey: int KEY_VALUE_FIELD_NUMBER