android/app/build/outputs/mapping/release/usage.txt
com.example.receipt_scanner.R$drawable
com.example.receipt_scanner.R$mipmap
com.example.receipt_scanner.R$style
com.example.receipt_scanner.R
...
com.google.android.gms.internal.mlkit_vision_common.zzgl$$InternalSyntheticThrowCCEIfNotNull$7$b824efdfe5cc509cdb218c28936b828eb19abe142a6950e5b5562d4b8c42a0d6$0
com.google.android.gms.internal.mlkit_vision_common.zzgl:
    public static final com.google.firebase.encoders.FieldDescriptor zzb
    public static final com.google.firebase.encoders.FieldDescriptor zzc
    public static final com.google.firebase.encoders.FieldDescriptor zzd
    public static final com.google.firebase.encoders.FieldDescriptor zze
    public static final com.google.firebase.encoders.FieldDescriptor zzf
    public static final com.google.firebase.encoders.FieldDescriptor zzg
    public static final com.google.firebase.encoders.FieldDescriptor zzh
    public static final com.google.firebase.encoders.FieldDescriptor zzi
com.google.android.gms.internal.mlkit_vision_common.zzgm$$InternalSyntheticThrowCCEIfNotNull$7$ac15a76c390c00744b3e588607900cc821270306c36441aa1caa07373a1438b4$0
com.google.android.gms.internal.mlkit_vision_common.zzgm:
    public static final com.google.firebase.encoders.FieldDescriptor zzb
    public static final com.google.firebase.encoders.FieldDescriptor zzc
com.google.android.gms.internal.mlkit_vision_common.zzgn$$InternalSyntheticThrowCCEIfNotNull$7$fa71b7e83526b1e2f6f541fdab278da7caa80d450d4cc0c16cc9b3333ae6ba78$0
com.google.android.gms.internal.mlkit_vision_common.zzgn:
    public static final com.google.firebase.encoders.FieldDescriptor zzb
    public static final com.google.firebase.encoders.FieldDescriptor zzc
    public static final com.google.firebase.encoders.FieldDescriptor zzd
com.google.android.gms.internal.mlkit_vision_common.zzgo$$InternalSyntheticThrowCCEIfNotNull$7$c7df4fedffc2bac3a1c2632f746940d81efa9d134720b4640b7123bc8b973248$0
com.google.android.gms.internal.mlkit_vision_common.zzgo:
    public static final com.google.firebase.encoders.FieldDescriptor zzb
    public static final com.google.firebase.encoders.FieldDescriptor zzc
    public static final com.google.firebase.encoders.FieldDescriptor zzd
    public static final com.google.firebase.encoders.FieldDescriptor zze
    public static final com.google.firebase.encoders.FieldDescriptor zzf
    public static final com.google.firebase.encoders.FieldDescriptor zzg
    public static final com.google.firebase.encoders.FieldDescriptor zzh
com.google.android.gms.internal.mlkit_vision_common.zzgp$$InternalSyntheticThrowCCEIfNotNull$7$2d2b467c4f42035474b8df95b862fd7590aeec3cc765e4d4a7cdb79942872982$0
com.google.android.gms.internal.mlkit_vision_common.zzgp:
    public static final com.google.firebase.encoders.FieldDescriptor zzb
    public static final com.google.firebase.encoders.FieldDescriptor zzc
    public static final com.google.firebase.encoders.FieldDescriptor zzd
    public static final com.google.firebase.encoders.FieldDescriptor zze
    public static final com.google.firebase.encoders.FieldDescriptor zzf
    public static final com.google.firebase.encoders.FieldDescriptor zzg
    public static final com.google.firebase.encoders.FieldDescriptor zzh
    public static final com.google.firebase.encoders.FieldDescriptor zzi
    public static final com.google.firebase.encoders.FieldDescriptor zzj
    public static final com.google.firebase.encoders.FieldDescriptor zzk
    public static final com.google.firebase.encoders.FieldDescriptor zzl
    public static final com.google.firebase.encoders.FieldDescriptor zzm
com.google.android.gms.internal.mlkit_vision_common.zzgq$$InternalSyntheticThrowCCEIfNotNull$7$9f6c40f9b7b95446aa6e1bf0327a85906266ed624a6d0759d2c43c041b39d944$0
com.google.android.gms.internal.mlkit_vision_common.zzgq:
    public static final com.google.firebase.encoders.FieldDescriptor zzb
    public static final com.google.firebase.encoders.FieldDescriptor zzc
com.google.android.gms.internal.mlkit_vision_common.zzgr$$InternalSyntheticThrowCCEIfNotNull$7$a77c4a9191aa3aba5677ef0b7a5e97023b907cc78af5d47ddc8a640e4be0f575$0